info: Retrieved users successfully. {"timestamp":"2024-02-05T12:11:40.533Z"}
info: Retrieved users successfully. {"timestamp":"2024-02-05T12:13:16.480Z"}
info: Retrieved users successfully. {"timestamp":"2024-02-05T12:13:45.726Z"}
info: Retrieved users successfully. {"timestamp":"2024-02-05T12:13:54.922Z"}
info: Retrieved users successfully. {"timestamp":"2024-02-05T12:14:18.288Z"}
info: Retrieved users successfully. {"timestamp":"2024-02-05T12:14:33.996Z"}
info: Retrieved users successfully. {"timestamp":"2024-02-05T12:15:13.627Z"}
info: Retrieved users successfully. {"timestamp":"2024-02-05T12:15:59.455Z"}
info: user data retrieved successfully from db. {"timestamp":"2024-02-05T12:20:47.157Z"}
info: user data retrieved successfully from db. {"timestamp":"2024-02-05T12:39:45.063Z"}
error: Error while making request, Error : 
TypeError: logger.error is not a function {"timestamp":"2024-02-05T12:41:08.129Z"}
error: Error while making request :TypeError: logger.error is not a function {"timestamp":"2024-02-05T12:42:22.189Z"}
error: Error while making request :TypeError: logger.error is not a function {"timestamp":"2024-02-05T12:44:35.111Z"}
info: user data retrieved successfully from db. {"timestamp":"2024-02-05T12:53:00.792Z"}
info: user data retrieved successfully from db. {"timestamp":"2024-02-05T12:54:09.282Z"}
info: user data updated successfully in db. {"timestamp":"2024-02-05T13:01:38.746Z"}
info: user data created successfully in db. {"timestamp":"2024-02-05T13:02:17.606Z"}
info: user data updated successfully in db. {"timestamp":"2024-02-05T13:03:18.159Z"}
info: user data retrieved successfully from db. {"timestamp":"2024-02-05T13:03:29.242Z"}
info: user data retrieved successfully from db. {"timestamp":"2024-02-05T13:03:36.418Z"}
info: user data retrieved successfully from db. {"timestamp":"2024-02-05T13:04:57.625Z"}
info: user data retrieved successfully from db. {"timestamp":"2024-02-05T13:05:21.601Z"}
info: user data retrieved successfully from db. {"timestamp":"2024-02-05T13:05:48.831Z"}
info: user data retrieved successfully from db. {"timestamp":"2024-02-05T13:06:13.243Z"}
info: user data retrieved successfully from db. {"timestamp":"2024-02-05T13:06:51.057Z"}
info: user data retrieved successfully from db. {"timestamp":"2024-02-05T13:08:07.534Z"}
info: user data retrieved successfully from db. {"timestamp":"2024-02-05T13:10:27.849Z"}
info: user data retrieved successfully from db. {"timestamp":"2024-02-05T13:10:48.953Z"}
info: user data retrieved successfully from db. {"timestamp":"2024-02-05T13:11:32.522Z"}
info: user data retrieved successfully from db. {"timestamp":"2024-02-05T13:23:14.103Z"}
info: user data retrieved successfully from db. {"timestamp":"2024-02-06T02:56:59.064Z"}
info: user data retrieved successfully from db. {"timestamp":"2024-02-06T02:56:59.116Z"}
info: user data created successfully in db. {"timestamp":"2024-02-06T02:56:59.162Z"}
info: user data retrieved successfully from db. {"timestamp":"2024-02-06T02:59:04.046Z"}
info: user data retrieved successfully from db. {"timestamp":"2024-02-06T02:59:04.087Z"}
info: user data created successfully in db. {"timestamp":"2024-02-06T02:59:04.129Z"}
info: user data updated successfully in db. {"timestamp":"2024-02-06T02:59:04.160Z"}
info: user data retrieved successfully from db. {"timestamp":"2024-02-06T03:00:06.276Z"}
info: user data retrieved successfully from db. {"timestamp":"2024-02-06T03:00:06.313Z"}
info: user data created successfully in db. {"timestamp":"2024-02-06T03:00:06.338Z"}
info: user data updated successfully in db. {"timestamp":"2024-02-06T03:00:06.363Z"}
info: user data retrieved successfully from db. {"timestamp":"2024-02-06T03:01:26.234Z"}
info: user data retrieved successfully from db. {"timestamp":"2024-02-06T03:01:26.274Z"}
info: user data created successfully in db. {"timestamp":"2024-02-06T03:01:26.301Z"}
info: user data updated successfully in db. {"timestamp":"2024-02-06T03:01:26.330Z"}
info: user data retrieved successfully from db. {"timestamp":"2024-02-06T03:05:00.844Z"}
info: user data retrieved successfully from db. {"timestamp":"2024-02-06T03:05:00.883Z"}
info: user data created successfully in db. {"timestamp":"2024-02-06T03:05:00.920Z"}
info: user data updated successfully in db. {"timestamp":"2024-02-06T03:05:00.947Z"}
info: user data deleted successfully in db. {"timestamp":"2024-02-06T03:05:00.976Z"}
info: user data updated successfully in db. {"timestamp":"2024-02-06T03:11:36.896Z"}
info: user data retrieved successfully from db. {"timestamp":"2024-02-06T03:17:09.340Z"}
info: user data created successfully in db. {"timestamp":"2024-02-06T03:17:09.415Z"}
error: Error while making request : TypeError: userModel.getUser is not a function {"timestamp":"2024-02-06T03:18:23.792Z"}
info: user data retrieved successfully from db. {"timestamp":"2024-02-06T03:18:39.409Z"}
info: user data retrieved successfully from db. {"timestamp":"2024-02-06T03:19:03.807Z"}
info: user data retrieved successfully from db. {"timestamp":"2024-02-06T03:19:51.004Z"}
info: user data retrieved successfully from db. {"timestamp":"2024-02-06T03:19:54.609Z"}
info: user data updated successfully in db. {"timestamp":"2024-02-06T03:22:14.910Z"}
info: user data deleted successfully in db. {"timestamp":"2024-02-06T03:23:24.850Z"}
info: user data retrieved successfully from db. {"timestamp":"2024-02-06T03:24:39.151Z"}
info: user data retrieved successfully from db. {"timestamp":"2024-02-06T03:24:39.186Z"}
info: user data created successfully in db. {"timestamp":"2024-02-06T03:24:39.273Z"}
info: user data updated successfully in db. {"timestamp":"2024-02-06T03:24:39.326Z"}
info: user data deleted successfully in db. {"timestamp":"2024-02-06T03:24:39.351Z"}
info: user data retrieved successfully from db. {"timestamp":"2024-02-06T03:27:01.757Z"}
info: ::1 GET /api/v1/users 200 454 - 30.362 ms
 {"timestamp":"2024-02-06T03:27:01.766Z"}
info: user data retrieved successfully from db. {"timestamp":"2024-02-06T03:27:01.798Z"}
info: ::1 GET /api/v1/users/10 200 90 - 2.639 ms
 {"timestamp":"2024-02-06T03:27:01.799Z"}
info: user data created successfully in db. {"timestamp":"2024-02-06T03:27:01.841Z"}
info: ::1 POST /api/v1/users 200 39 - 4.831 ms
 {"timestamp":"2024-02-06T03:27:01.844Z"}
info: user data updated successfully in db. {"timestamp":"2024-02-06T03:27:01.896Z"}
info: ::1 PUT /api/v1/users/10 200 39 - 27.616 ms
 {"timestamp":"2024-02-06T03:27:01.897Z"}
info: user data deleted successfully in db. {"timestamp":"2024-02-06T03:27:01.931Z"}
info: ::1 DELETE /api/v1/users/10 200 39 - 13.247 ms
 {"timestamp":"2024-02-06T03:27:01.933Z"}
